<?xml version="1.0" encoding="UTF-8"?>
<testng-results skipped="0" failed="0" ignored="0" total="1" passed="1">
  <reporter-output>
  </reporter-output>
  <suite name="Default suite" duration-ms="17076" started-at="2018-11-24T16:38:17Z" finished-at="2018-11-24T16:38:34Z">
    <groups>
    </groups>
    <test name="Default test" duration-ms="17076" started-at="2018-11-24T16:38:17Z" finished-at="2018-11-24T16:38:34Z">
      <class name="orangetest.LoginTestCash">
        <test-method status="PASS" signature="setUp()[pri:0, instance:orangetest.LoginTestCash@1139b2f3]" name="setUp" is-config="true" duration-ms="3365" started-at="2018-11-24T16:38:17Z" finished-at="2018-11-24T16:38:20Z">
          <reporter-output>
          </reporter-output>
        </test-method> <!-- setUp -->
        <test-method status="PASS" signature="testOrange()[pri:0, instance:orangetest.LoginTestCash@1139b2f3]" name="testOrange" duration-ms="12854" started-at="2018-11-24T16:38:20Z" finished-at="2018-11-24T16:38:33Z">
          <reporter-output>
          </reporter-output>
        </test-method> <!-- testOrange -->
        <test-method status="PASS" signature="tearDown()[pri:0, instance:orangetest.LoginTestCash@1139b2f3]" name="tearDown" is-config="true" duration-ms="829" started-at="2018-11-24T16:38:33Z" finished-at="2018-11-24T16:38:34Z">
          <reporter-output>
          </reporter-output>
        </test-method> <!-- tearDown -->
      </class> <!-- orangetest.LoginTestCash -->
    </test> <!-- Default test -->
  </suite> <!-- Default suite -->
</testng-results>
